Performing C SOURCE FILE Test CMAKE_HAVE_LIBC_PTHREAD failed with the following output:
Change Dir: /media/zhutianyi/KESU2/project/mapconcat/build/CMakeFiles/CMakeTmp

Run Build Command(s):/usr/bin/make -f Makefile cmTC_0e718/fast && /usr/bin/make  -f CMakeFiles/cmTC_0e718.dir/build.make CMakeFiles/cmTC_0e718.dir/build
make[1]: 进入目录“/media/zhutianyi/KESU2/project/mapconcat/build/CMakeFiles/CMakeTmp”
Building C object CMakeFiles/cmTC_0e718.dir/src.c.o
/usr/bin/gcc -DCMAKE_HAVE_LIBC_PTHREAD   -o CMakeFiles/cmTC_0e718.dir/src.c.o -c /media/zhutianyi/KESU2/project/mapconcat/build/CMakeFiles/CMakeTmp/src.c
Linking C executable cmTC_0e718
/usr/local/bin/cmake -E cmake_link_script CMakeFiles/cmTC_0e718.dir/link.txt --verbose=1
/usr/bin/gcc -rdynamic CMakeFiles/cmTC_0e718.dir/src.c.o -o cmTC_0e718 
CMakeFiles/cmTC_0e718.dir/src.c.o：在函数‘main’中：
src.c:(.text+0x3e)：对‘pthread_create’未定义的引用
src.c:(.text+0x4a)：对‘pthread_detach’未定义的引用
src.c:(.text+0x56)：对‘pthread_cancel’未定义的引用
src.c:(.text+0x67)：对‘pthread_join’未定义的引用
src.c:(.text+0x7b)：对‘pthread_atfork’未定义的引用
collect2: error: ld returned 1 exit status
CMakeFiles/cmTC_0e718.dir/build.make:98: recipe for target 'cmTC_0e718' failed
make[1]: *** [cmTC_0e718] Error 1
make[1]: 离开目录“/media/zhutianyi/KESU2/project/mapconcat/build/CMakeFiles/CMakeTmp”
Makefile:127: recipe for target 'cmTC_0e718/fast' failed
make: *** [cmTC_0e718/fast] Error 2


Source file was:
#include <pthread.h>

static void* test_func(void* data)
{
  return data;
}

int main(void)
{
  pthread_t thread;
  pthread_create(&thread, NULL, test_func, NULL);
  pthread_detach(thread);
  pthread_cancel(thread);
  pthread_join(thread, NULL);
  pthread_atfork(NULL, NULL, NULL);
  pthread_exit(NULL);

  return 0;
}

Determining if the function pthread_create exists in the pthreads failed with the following output:
Change Dir: /media/zhutianyi/KESU2/project/mapconcat/build/CMakeFiles/CMakeTmp

Run Build Command(s):/usr/bin/make -f Makefile cmTC_92489/fast && /usr/bin/make  -f CMakeFiles/cmTC_92489.dir/build.make CMakeFiles/cmTC_92489.dir/build
make[1]: 进入目录“/media/zhutianyi/KESU2/project/mapconcat/build/CMakeFiles/CMakeTmp”
Building C object CMakeFiles/cmTC_92489.dir/CheckFunctionExists.c.o
/usr/bin/gcc   -DCHECK_FUNCTION_EXISTS=pthread_create -o CMakeFiles/cmTC_92489.dir/CheckFunctionExists.c.o -c /usr/local/share/cmake-3.22/Modules/CheckFunctionExists.c
Linking C executable cmTC_92489
/usr/local/bin/cmake -E cmake_link_script CMakeFiles/cmTC_92489.dir/link.txt --verbose=1
/usr/bin/gcc  -DCHECK_FUNCTION_EXISTS=pthread_create -rdynamic CMakeFiles/cmTC_92489.dir/CheckFunctionExists.c.o -o cmTC_92489  -lpthreads 
/usr/bin/ld: 找不到 -lpthreads
collect2: error: ld returned 1 exit status
CMakeFiles/cmTC_92489.dir/build.make:98: recipe for target 'cmTC_92489' failed
make[1]: *** [cmTC_92489] Error 1
make[1]: 离开目录“/media/zhutianyi/KESU2/project/mapconcat/build/CMakeFiles/CMakeTmp”
Makefile:127: recipe for target 'cmTC_92489/fast' failed
make: *** [cmTC_92489/fast] Error 2



Determining if the function sgemm_ exists failed with the following output:
Change Dir: /media/zhutianyi/KESU2/project/mapconcat/build/CMakeFiles/CMakeTmp

Run Build Command(s):/usr/bin/make -f Makefile cmTC_08608/fast && /usr/bin/make  -f CMakeFiles/cmTC_08608.dir/build.make CMakeFiles/cmTC_08608.dir/build
make[1]: 进入目录“/media/zhutianyi/KESU2/project/mapconcat/build/CMakeFiles/CMakeTmp”
Building C object CMakeFiles/cmTC_08608.dir/CheckFunctionExists.c.o
/usr/bin/gcc   -DCHECK_FUNCTION_EXISTS=sgemm_ -o CMakeFiles/cmTC_08608.dir/CheckFunctionExists.c.o -c /usr/local/share/cmake-3.22/Modules/CheckFunctionExists.c
Linking C executable cmTC_08608
/usr/local/bin/cmake -E cmake_link_script CMakeFiles/cmTC_08608.dir/link.txt --verbose=1
/usr/bin/gcc   -DCHECK_FUNCTION_EXISTS=sgemm_ -rdynamic CMakeFiles/cmTC_08608.dir/CheckFunctionExists.c.o -o cmTC_08608 
CMakeFiles/cmTC_08608.dir/CheckFunctionExists.c.o：在函数‘main’中：
CheckFunctionExists.c:(.text+0x10)：对‘sgemm_’未定义的引用
collect2: error: ld returned 1 exit status
CMakeFiles/cmTC_08608.dir/build.make:98: recipe for target 'cmTC_08608' failed
make[1]: *** [cmTC_08608] Error 1
make[1]: 离开目录“/media/zhutianyi/KESU2/project/mapconcat/build/CMakeFiles/CMakeTmp”
Makefile:127: recipe for target 'cmTC_08608/fast' failed
make: *** [cmTC_08608/fast] Error 2



Determining if the function cheev_ exists failed with the following output:
Change Dir: /media/zhutianyi/KESU2/project/mapconcat/build/CMakeFiles/CMakeTmp

Run Build Command(s):/usr/bin/make -f Makefile cmTC_f5763/fast && /usr/bin/make  -f CMakeFiles/cmTC_f5763.dir/build.make CMakeFiles/cmTC_f5763.dir/build
make[1]: 进入目录“/media/zhutianyi/KESU2/project/mapconcat/build/CMakeFiles/CMakeTmp”
Building C object CMakeFiles/cmTC_f5763.dir/CheckFunctionExists.c.o
/usr/bin/gcc   -DCHECK_FUNCTION_EXISTS=cheev_ -o CMakeFiles/cmTC_f5763.dir/CheckFunctionExists.c.o -c /usr/local/share/cmake-3.22/Modules/CheckFunctionExists.c
Linking C executable cmTC_f5763
/usr/local/bin/cmake -E cmake_link_script CMakeFiles/cmTC_f5763.dir/link.txt --verbose=1
/usr/bin/gcc   -DCHECK_FUNCTION_EXISTS=cheev_ -rdynamic CMakeFiles/cmTC_f5763.dir/CheckFunctionExists.c.o -o cmTC_f5763  /usr/lib/x86_64-linux-gnu/libblas.so -lpthread -lm -ldl 
CMakeFiles/cmTC_f5763.dir/CheckFunctionExists.c.o：在函数‘main’中：
CheckFunctionExists.c:(.text+0x10)：对‘cheev_’未定义的引用
collect2: error: ld returned 1 exit status
CMakeFiles/cmTC_f5763.dir/build.make:99: recipe for target 'cmTC_f5763' failed
make[1]: *** [cmTC_f5763] Error 1
make[1]: 离开目录“/media/zhutianyi/KESU2/project/mapconcat/build/CMakeFiles/CMakeTmp”
Makefile:127: recipe for target 'cmTC_f5763/fast' failed
make: *** [cmTC_f5763/fast] Error 2



Determining if the function cheev_ exists failed with the following output:
Change Dir: /media/zhutianyi/KESU2/project/mapconcat/build/CMakeFiles/CMakeTmp

Run Build Command(s):/usr/bin/make -f Makefile cmTC_2a035/fast && /usr/bin/make  -f CMakeFiles/cmTC_2a035.dir/build.make CMakeFiles/cmTC_2a035.dir/build
make[1]: 进入目录“/media/zhutianyi/KESU2/project/mapconcat/build/CMakeFiles/CMakeTmp”
Building C object CMakeFiles/cmTC_2a035.dir/CheckFunctionExists.c.o
/usr/bin/gcc   -DCHECK_FUNCTION_EXISTS=cheev_ -o CMakeFiles/cmTC_2a035.dir/CheckFunctionExists.c.o -c /usr/local/share/cmake-3.22/Modules/CheckFunctionExists.c
Linking C executable cmTC_2a035
/usr/local/bin/cmake -E cmake_link_script CMakeFiles/cmTC_2a035.dir/link.txt --verbose=1
/usr/bin/gcc   -DCHECK_FUNCTION_EXISTS=cheev_ -rdynamic CMakeFiles/cmTC_2a035.dir/CheckFunctionExists.c.o -o cmTC_2a035  /usr/lib/x86_64-linux-gnu/liblapack.so /usr/lib/x86_64-linux-gnu/libblas.so -fortranlibs 
gcc: error: unrecognized command line option ‘-fortranlibs’
CMakeFiles/cmTC_2a035.dir/build.make:100: recipe for target 'cmTC_2a035' failed
make[1]: *** [cmTC_2a035] Error 1
make[1]: 离开目录“/media/zhutianyi/KESU2/project/mapconcat/build/CMakeFiles/CMakeTmp”
Makefile:127: recipe for target 'cmTC_2a035/fast' failed
make: *** [cmTC_2a035/fast] Error 2



